This file contains any messages produced by compilers while
running configure, to aid debugging if configure makes a mistake.

It was created by libndpi configure 1.5.2, which was
generated by GNU Autoconf 2.63.  Invocation command line was

  $ ./configure 

## --------- ##
## Platform. ##
## --------- ##

hostname = nst
uname -m = x86_64
uname -r = 2.6.32-642.13.1.el6.x86_64
uname -s = Linux
uname -v = #1 SMP Wed Jan 11 20:56:24 UTC 2017

/usr/bin/uname -p = unknown
/bin/uname -X     = unknown

/bin/arch              = x86_64
/usr/bin/arch -k       = unknown
/usr/convex/getsysinfo = unknown
/usr/bin/hostinfo      = unknown
/bin/machine           = unknown
/usr/bin/oslevel       = unknown
/bin/universe          = unknown

PATH: /usr/local/sbin
PATH: /usr/local/bin
PATH: /sbin
PATH: /bin
PATH: /usr/sbin
PATH: /usr/bin
PATH: /root/bin


## ----------- ##
## Core tests. ##
## ----------- ##

configure:2075: checking for a BSD-compatible install
configure:2143: result: /usr/bin/install -c
configure:2154: checking whether build environment is sane
configure:2214: result: yes
configure:2355: checking for a thread-safe mkdir -p
configure:2394: result: /bin/mkdir -p
configure:2407: checking for gawk
configure:2423: found /bin/gawk
configure:2434: result: gawk
configure:2445: checking whether make sets $(MAKE)
configure:2467: result: yes
configure:2581: checking build system type
configure:2599: result: x86_64-unknown-linux-gnu
configure:2621: checking host system type
configure:2636: result: x86_64-unknown-linux-gnu
configure:2670: checking for style of include used by make
configure:2698: result: GNU
configure:2768: checking for gcc
configure:2784: found /usr/bin/gcc
configure:2795: result: gcc
configure:3027: checking for C compiler version
configure:3035: gcc --version >&5
gcc (GCC) 4.4.7 20120313 (Red Hat 4.4.7-17)
Copyright (C) 2010 Free Software Foundation, Inc.
This is free software; see the source for copying conditions.  There is NO
warranty; not even for MERCHANTABILITY or FITNESS FOR A PARTICULAR PURPOSE.

configure:3039: $? = 0
configure:3046: gcc -v >&5
Using built-in specs.
Target: x86_64-redhat-linux
Configured with: ../configure --prefix=/usr --mandir=/usr/share/man --infodir=/usr/share/info --with-bugurl=http://bugzilla.redhat.com/bugzilla --enable-bootstrap --enable-shared --enable-threads=posix --enable-checking=release --with-system-zlib --enable-__cxa_atexit --disable-libunwind-exceptions --enable-gnu-unique-object --enable-languages=c,c++,objc,obj-c++,java,fortran,ada --enable-java-awt=gtk --disable-dssi --with-java-home=/usr/lib/jvm/java-1.5.0-gcj-1.5.0.0/jre --enable-libgcj-multifile --enable-java-maintainer-mode --with-ecj-jar=/usr/share/java/eclipse-ecj.jar --disable-libjava-multilib --with-ppl --with-cloog --with-tune=generic --with-arch_32=i686 --build=x86_64-redhat-linux
Thread model: posix
gcc version 4.4.7 20120313 (Red Hat 4.4.7-17) (GCC) 
configure:3050: $? = 0
configure:3057: gcc -V >&5
gcc: '-V' option must have argument
configure:3061: $? = 1
configure:3084: checking for C compiler default output file name
configure:3106: gcc    conftest.c  >&5
configure:3110: $? = 0
configure:3148: result: a.out
configure:3167: checking whether the C compiler works
configure:3177: ./a.out
configure:3181: $? = 0
configure:3200: result: yes
configure:3207: checking whether we are cross compiling
configure:3209: result: no
configure:3212: checking for suffix of executables
configure:3219: gcc -o conftest    conftest.c  >&5
configure:3223: $? = 0
configure:3249: result: 
configure:3255: checking for suffix of object files
configure:3281: gcc -c   conftest.c >&5
configure:3285: $? = 0
configure:3310: result: o
configure:3314: checking whether we are using the GNU C compiler
configure:3343: gcc -c   conftest.c >&5
configure:3350: $? = 0
configure:3367: result: yes
configure:3376: checking whether gcc accepts -g
configure:3406: gcc -c -g  conftest.c >&5
configure:3413: $? = 0
configure:3514: result: yes
configure:3531: checking for gcc option to accept ISO C89
configure:3605: gcc  -c -g -O2  conftest.c >&5
configure:3612: $? = 0
configure:3635: result: none needed
configure:3655: checking dependency style of gcc
configure:3765: result: gcc3
configure:3780: checking for a sed that does not truncate output
configure:3846: result: /bin/sed
configure:3864: checking for grep that handles long lines and -e
configure:3924: result: /bin/grep
configure:3929: checking for egrep
configure:3993: result: /bin/grep -E
configure:3998: checking for fgrep
configure:4062: result: /bin/grep -F
configure:4097: checking for ld used by gcc
configure:4164: result: /usr/bin/ld
configure:4173: checking if the linker (/usr/bin/ld) is GNU ld
configure:4188: result: yes
configure:4200: checking for BSD- or MS-compatible name lister (nm)
configure:4249: result: /usr/bin/nm -B
configure:4367: checking the name lister (/usr/bin/nm -B) interface
configure:4374: gcc -c -g -O2  conftest.c >&5
configure:4377: /usr/bin/nm -B "conftest.o"
configure:4380: output
0000000000000000 B some_variable
configure:4387: result: BSD nm
configure:4390: checking whether ln -s works
configure:4394: result: yes
configure:4402: checking the maximum length of command line arguments
configure:4522: result: 1966080
configure:4539: checking whether the shell understands some XSI constructs
configure:4549: result: yes
configure:4553: checking whether the shell understands "+="
configure:4559: result: yes
configure:4594: checking for /usr/bin/ld option to reload object files
configure:4601: result: -r
configure:4670: checking for objdump
configure:4686: found /usr/bin/objdump
configure:4697: result: objdump
configure:4729: checking how to recognize dependent libraries
configure:4925: result: pass_all
configure:4985: checking for ar
configure:5001: found /usr/bin/ar
configure:5012: result: ar
configure:5090: checking for strip
configure:5106: found /usr/bin/strip
configure:5117: result: strip
configure:5189: checking for ranlib
configure:5205: found /usr/bin/ranlib
configure:5216: result: ranlib
configure:5306: checking command to parse /usr/bin/nm -B output from gcc object
configure:5424: gcc -c -g -O2  conftest.c >&5
configure:5427: $? = 0
configure:5431: /usr/bin/nm -B conftest.o \| sed -n -e 's/^.*[	 ]\([ABCDGIRSTW][ABCDGIRSTW]*\)[	 ][	 ]*\([_A-Za-z][_A-Za-z0-9]*\)$/\1 \2 \2/p' \> conftest.nm
configure:5434: $? = 0
configure:5488: gcc -o conftest -g -O2   conftest.c conftstm.o >&5
configure:5491: $? = 0
configure:5529: result: ok
configure:5625: gcc -c -g -O2  conftest.c >&5
configure:5628: $? = 0
configure:6396: checking how to run the C preprocessor
configure:6436: gcc -E  conftest.c
configure:6443: $? = 0
configure:6474: gcc -E  conftest.c
conftest.c:10:28: error: ac_nonexistent.h: No such file or directory
configure:6481: $? = 1
configure: failed program was:
| /* confdefs.h.  */
| #define PACKAGE_NAME "libndpi"
| #define PACKAGE_TARNAME "libndpi"
| #define PACKAGE_VERSION "1.5.2"
| #define PACKAGE_STRING "libndpi 1.5.2"
| #define PACKAGE_BUGREPORT ""
| #define PACKAGE "libndpi"
| #define VERSION "1.5.2"
| /* end confdefs.h.  */
| #include <ac_nonexistent.h>
configure:6514: result: gcc -E
configure:6543: gcc -E  conftest.c
configure:6550: $? = 0
configure:6581: gcc -E  conftest.c
conftest.c:10:28: error: ac_nonexistent.h: No such file or directory
configure:6588: $? = 1
configure: failed program was:
| /* confdefs.h.  */
| #define PACKAGE_NAME "libndpi"
| #define PACKAGE_TARNAME "libndpi"
| #define PACKAGE_VERSION "1.5.2"
| #define PACKAGE_STRING "libndpi 1.5.2"
| #define PACKAGE_BUGREPORT ""
| #define PACKAGE "libndpi"
| #define VERSION "1.5.2"
| /* end confdefs.h.  */
| #include <ac_nonexistent.h>
configure:6628: checking for ANSI C header files
configure:6658: gcc -c -g -O2  conftest.c >&5
configure:6665: $? = 0
configure:6764: gcc -o conftest -g -O2   conftest.c  >&5
configure:6768: $? = 0
configure:6774: ./conftest
configure:6778: $? = 0
configure:6796: result: yes
configure:6820: checking for sys/types.h
configure:6841: gcc -c -g -O2  conftest.c >&5
configure:6848: $? = 0
configure:6865: result: yes
configure:6820: checking for sys/stat.h
configure:6841: gcc -c -g -O2  conftest.c >&5
configure:6848: $? = 0
configure:6865: result: yes
configure:6820: checking for stdlib.h
configure:6841: gcc -c -g -O2  conftest.c >&5
configure:6848: $? = 0
configure:6865: result: yes
configure:6820: checking for string.h
configure:6841: gcc -c -g -O2  conftest.c >&5
configure:6848: $? = 0
configure:6865: result: yes
configure:6820: checking for memory.h
configure:6841: gcc -c -g -O2  conftest.c >&5
configure:6848: $? = 0
configure:6865: result: yes
configure:6820: checking for strings.h
configure:6841: gcc -c -g -O2  conftest.c >&5
configure:6848: $? = 0
configure:6865: result: yes
configure:6820: checking for inttypes.h
configure:6841: gcc -c -g -O2  conftest.c >&5
configure:6848: $? = 0
configure:6865: result: yes
configure:6820: checking for stdint.h
configure:6841: gcc -c -g -O2  conftest.c >&5
configure:6848: $? = 0
configure:6865: result: yes
configure:6820: checking for unistd.h
configure:6841: gcc -c -g -O2  conftest.c >&5
configure:6848: $? = 0
configure:6865: result: yes
configure:6883: checking for dlfcn.h
configure:6904: gcc -c -g -O2  conftest.c >&5
configure:6911: $? = 0
configure:6928: result: yes
configure:7114: checking for objdir
configure:7129: result: .libs
configure:7425: checking if gcc supports -fno-rtti -fno-exceptions
configure:7443: gcc -c -g -O2  -fno-rtti -fno-exceptions conftest.c >&5
cc1: warning: command line option "-fno-rtti" is valid for C++/ObjC++ but not for C
configure:7447: $? = 0
configure:7460: result: no
configure:7480: checking for gcc option to produce PIC
configure:7752: result: -fPIC -DPIC
configure:7764: checking if gcc PIC flag -fPIC -DPIC works
configure:7782: gcc -c -g -O2  -fPIC -DPIC -DPIC conftest.c >&5
configure:7786: $? = 0
configure:7799: result: yes
configure:7823: checking if gcc static flag -static works
configure:7851: result: no
configure:7866: checking if gcc supports -c -o file.o
configure:7887: gcc -c -g -O2  -o out/conftest2.o conftest.c >&5
configure:7891: $? = 0
configure:7913: result: yes
configure:7921: checking if gcc supports -c -o file.o
configure:7968: result: yes
configure:8001: checking whether the gcc linker (/usr/bin/ld -m elf_x86_64) supports shared libraries
configure:9075: result: yes
configure:9112: checking whether -lc should be explicitly linked in
configure:9117: gcc -c -g -O2  conftest.c >&5
configure:9120: $? = 0
configure:9135: gcc -shared conftest.o  -v -Wl,-soname -Wl,conftest -o conftest 2\>\&1 \| /bin/grep  -lc  \>/dev/null 2\>\&1
configure:9138: $? = 0
configure:9150: result: no
configure:9314: checking dynamic linker characteristics
configure:9757: gcc -o conftest -g -O2   -Wl,-rpath -Wl,/foo conftest.c  >&5
configure:9764: $? = 0
configure:10000: result: GNU/Linux ld.so
configure:10102: checking how to hardcode library paths into programs
configure:10127: result: immediate
configure:10960: checking whether stripping libraries is possible
configure:10965: result: yes
configure:11000: checking if libtool supports shared libraries
configure:11002: result: yes
configure:11005: checking whether to build shared libraries
configure:11026: result: yes
configure:11029: checking whether to build static libraries
configure:11033: result: yes
configure:11117: checking for gcc
configure:11144: result: gcc
configure:11376: checking for C compiler version
configure:11384: gcc --version >&5
gcc (GCC) 4.4.7 20120313 (Red Hat 4.4.7-17)
Copyright (C) 2010 Free Software Foundation, Inc.
This is free software; see the source for copying conditions.  There is NO
warranty; not even for MERCHANTABILITY or FITNESS FOR A PARTICULAR PURPOSE.

configure:11388: $? = 0
configure:11395: gcc -v >&5
Using built-in specs.
Target: x86_64-redhat-linux
Configured with: ../configure --prefix=/usr --mandir=/usr/share/man --infodir=/usr/share/info --with-bugurl=http://bugzilla.redhat.com/bugzilla --enable-bootstrap --enable-shared --enable-threads=posix --enable-checking=release --with-system-zlib --enable-__cxa_atexit --disable-libunwind-exceptions --enable-gnu-unique-object --enable-languages=c,c++,objc,obj-c++,java,fortran,ada --enable-java-awt=gtk --disable-dssi --with-java-home=/usr/lib/jvm/java-1.5.0-gcj-1.5.0.0/jre --enable-libgcj-multifile --enable-java-maintainer-mode --with-ecj-jar=/usr/share/java/eclipse-ecj.jar --disable-libjava-multilib --with-ppl --with-cloog --with-tune=generic --with-arch_32=i686 --build=x86_64-redhat-linux
Thread model: posix
gcc version 4.4.7 20120313 (Red Hat 4.4.7-17) (GCC) 
configure:11399: $? = 0
configure:11406: gcc -V >&5
gcc: '-V' option must have argument
configure:11410: $? = 1
configure:11413: checking whether we are using the GNU C compiler
configure:11466: result: yes
configure:11475: checking whether gcc accepts -g
configure:11613: result: yes
configure:11630: checking for gcc option to accept ISO C89
configure:11734: result: none needed
configure:11754: checking dependency style of gcc
configure:11864: result: gcc3
configure:12022: checking if compiler needs -Werror to reject unknown flags
configure:12048: gcc -c -g -O2 -Werror -Wunknown-warning-option -Wsizeof-array-argument  conftest.c >&5
cc1: error: unrecognized command line option "-Wunknown-warning-option"
cc1: error: unrecognized command line option "-Wsizeof-array-argument"
configure:12055: $? = 1
configure: failed program was:
| /* confdefs.h.  */
| #define PACKAGE_NAME "libndpi"
| #define PACKAGE_TARNAME "libndpi"
| #define PACKAGE_VERSION "1.5.2"
| #define PACKAGE_STRING "libndpi 1.5.2"
| #define PACKAGE_BUGREPORT ""
| #define PACKAGE "libndpi"
| #define VERSION "1.5.2"
| #define STDC_HEADERS 1
| #define HAVE_SYS_TYPES_H 1
| #define HAVE_SYS_STAT_H 1
| #define HAVE_STDLIB_H 1
| #define HAVE_STRING_H 1
| #define HAVE_MEMORY_H 1
| #define HAVE_STRINGS_H 1
| #define HAVE_INTTYPES_H 1
| #define HAVE_STDINT_H 1
| #define HAVE_UNISTD_H 1
| #define HAVE_DLFCN_H 1
| #define LT_OBJDIR ".libs/"
| /* end confdefs.h.  */
| int foo(void);
| int
| main ()
| {
| foo()
|   ;
|   return 0;
| }
configure:12067: result: no
configure:12134: checking for the pthreads library -lpthreads
configure:12182: gcc -o conftest -g -O2     conftest.c -lpthreads  >&5
/usr/bin/ld: cannot find -lpthreads
collect2: ld returned 1 exit status
configure:12189: $? = 1
configure: failed program was:
| /* confdefs.h.  */
| #define PACKAGE_NAME "libndpi"
| #define PACKAGE_TARNAME "libndpi"
| #define PACKAGE_VERSION "1.5.2"
| #define PACKAGE_STRING "libndpi 1.5.2"
| #define PACKAGE_BUGREPORT ""
| #define PACKAGE "libndpi"
| #define VERSION "1.5.2"
| #define STDC_HEADERS 1
| #define HAVE_SYS_TYPES_H 1
| #define HAVE_SYS_STAT_H 1
| #define HAVE_STDLIB_H 1
| #define HAVE_STRING_H 1
| #define HAVE_MEMORY_H 1
| #define HAVE_STRINGS_H 1
| #define HAVE_INTTYPES_H 1
| #define HAVE_STDINT_H 1
| #define HAVE_UNISTD_H 1
| #define HAVE_DLFCN_H 1
| #define LT_OBJDIR ".libs/"
| /* end confdefs.h.  */
| #include <pthread.h>
|                         static void routine(void *a) { a = 0; }
|                         static void *start_routine(void *a) { return a; }
| int
| main ()
| {
| pthread_t th; pthread_attr_t attr;
|                         pthread_create(&th, 0, start_routine, 0);
|                         pthread_join(th, 0);
|                         pthread_attr_init(&attr);
|                         pthread_cleanup_push(routine, 0);
|                         pthread_cleanup_pop(0) /* ; */
|   ;
|   return 0;
| }
configure:12212: result: no
configure:12079: checking whether pthreads work without any flags
configure:12182: gcc -o conftest -g -O2     conftest.c   >&5
/tmp/ccKiBiCv.o: In function `main':
/root/NST/conftest.c:29: undefined reference to `pthread_create'
/root/NST/conftest.c:30: undefined reference to `pthread_join'
/root/NST/conftest.c:32: undefined reference to `__pthread_register_cancel'
/root/NST/conftest.c:33: undefined reference to `__pthread_unregister_cancel'
collect2: ld returned 1 exit status
configure:12189: $? = 1
configure: failed program was:
| /* confdefs.h.  */
| #define PACKAGE_NAME "libndpi"
| #define PACKAGE_TARNAME "libndpi"
| #define PACKAGE_VERSION "1.5.2"
| #define PACKAGE_STRING "libndpi 1.5.2"
| #define PACKAGE_BUGREPORT ""
| #define PACKAGE "libndpi"
| #define VERSION "1.5.2"
| #define STDC_HEADERS 1
| #define HAVE_SYS_TYPES_H 1
| #define HAVE_SYS_STAT_H 1
| #define HAVE_STDLIB_H 1
| #define HAVE_STRING_H 1
| #define HAVE_MEMORY_H 1
| #define HAVE_STRINGS_H 1
| #define HAVE_INTTYPES_H 1
| #define HAVE_STDINT_H 1
| #define HAVE_UNISTD_H 1
| #define HAVE_DLFCN_H 1
| #define LT_OBJDIR ".libs/"
| /* end confdefs.h.  */
| #include <pthread.h>
|                         static void routine(void *a) { a = 0; }
|                         static void *start_routine(void *a) { return a; }
| int
| main ()
| {
| pthread_t th; pthread_attr_t attr;
|                         pthread_create(&th, 0, start_routine, 0);
|                         pthread_join(th, 0);
|                         pthread_attr_init(&attr);
|                         pthread_cleanup_push(routine, 0);
|                         pthread_cleanup_pop(0) /* ; */
|   ;
|   return 0;
| }
configure:12212: result: no
configure:12084: checking whether pthreads work with -Kthread
configure:12182: gcc -o conftest -g -O2 -Kthread    conftest.c   >&5
gcc: unrecognized option '-Kthread'
/tmp/ccRzJQPx.o: In function `main':
/root/NST/conftest.c:29: undefined reference to `pthread_create'
/root/NST/conftest.c:30: undefined reference to `pthread_join'
/root/NST/conftest.c:32: undefined reference to `__pthread_register_cancel'
/root/NST/conftest.c:33: undefined reference to `__pthread_unregister_cancel'
collect2: ld returned 1 exit status
configure:12189: $? = 1
configure: failed program was:
| /* confdefs.h.  */
| #define PACKAGE_NAME "libndpi"
| #define PACKAGE_TARNAME "libndpi"
| #define PACKAGE_VERSION "1.5.2"
| #define PACKAGE_STRING "libndpi 1.5.2"
| #define PACKAGE_BUGREPORT ""
| #define PACKAGE "libndpi"
| #define VERSION "1.5.2"
| #define STDC_HEADERS 1
| #define HAVE_SYS_TYPES_H 1
| #define HAVE_SYS_STAT_H 1
| #define HAVE_STDLIB_H 1
| #define HAVE_STRING_H 1
| #define HAVE_MEMORY_H 1
| #define HAVE_STRINGS_H 1
| #define HAVE_INTTYPES_H 1
| #define HAVE_STDINT_H 1
| #define HAVE_UNISTD_H 1
| #define HAVE_DLFCN_H 1
| #define LT_OBJDIR ".libs/"
| /* end confdefs.h.  */
| #include <pthread.h>
|                         static void routine(void *a) { a = 0; }
|                         static void *start_routine(void *a) { return a; }
| int
| main ()
| {
| pthread_t th; pthread_attr_t attr;
|                         pthread_create(&th, 0, start_routine, 0);
|                         pthread_join(th, 0);
|                         pthread_attr_init(&attr);
|                         pthread_cleanup_push(routine, 0);
|                         pthread_cleanup_pop(0) /* ; */
|   ;
|   return 0;
| }
configure:12212: result: no
configure:12084: checking whether pthreads work with -kthread
configure:12182: gcc -o conftest -g -O2 -kthread    conftest.c   >&5
gcc: unrecognized option '-kthread'
/tmp/ccLepRhA.o: In function `main':
/root/NST/conftest.c:29: undefined reference to `pthread_create'
/root/NST/conftest.c:30: undefined reference to `pthread_join'
/root/NST/conftest.c:32: undefined reference to `__pthread_register_cancel'
/root/NST/conftest.c:33: undefined reference to `__pthread_unregister_cancel'
collect2: ld returned 1 exit status
configure:12189: $? = 1
configure: failed program was:
| /* confdefs.h.  */
| #define PACKAGE_NAME "libndpi"
| #define PACKAGE_TARNAME "libndpi"
| #define PACKAGE_VERSION "1.5.2"
| #define PACKAGE_STRING "libndpi 1.5.2"
| #define PACKAGE_BUGREPORT ""
| #define PACKAGE "libndpi"
| #define VERSION "1.5.2"
| #define STDC_HEADERS 1
| #define HAVE_SYS_TYPES_H 1
| #define HAVE_SYS_STAT_H 1
| #define HAVE_STDLIB_H 1
| #define HAVE_STRING_H 1
| #define HAVE_MEMORY_H 1
| #define HAVE_STRINGS_H 1
| #define HAVE_INTTYPES_H 1
| #define HAVE_STDINT_H 1
| #define HAVE_UNISTD_H 1
| #define HAVE_DLFCN_H 1
| #define LT_OBJDIR ".libs/"
| /* end confdefs.h.  */
| #include <pthread.h>
|                         static void routine(void *a) { a = 0; }
|                         static void *start_routine(void *a) { return a; }
| int
| main ()
| {
| pthread_t th; pthread_attr_t attr;
|                         pthread_create(&th, 0, start_routine, 0);
|                         pthread_join(th, 0);
|                         pthread_attr_init(&attr);
|                         pthread_cleanup_push(routine, 0);
|                         pthread_cleanup_pop(0) /* ; */
|   ;
|   return 0;
| }
configure:12212: result: no
configure:12134: checking for the pthreads library -llthread
configure:12182: gcc -o conftest -g -O2     conftest.c -llthread  >&5
/usr/bin/ld: cannot find -llthread
collect2: ld returned 1 exit status
configure:12189: $? = 1
configure: failed program was:
| /* confdefs.h.  */
| #define PACKAGE_NAME "libndpi"
| #define PACKAGE_TARNAME "libndpi"
| #define PACKAGE_VERSION "1.5.2"
| #define PACKAGE_STRING "libndpi 1.5.2"
| #define PACKAGE_BUGREPORT ""
| #define PACKAGE "libndpi"
| #define VERSION "1.5.2"
| #define STDC_HEADERS 1
| #define HAVE_SYS_TYPES_H 1
| #define HAVE_SYS_STAT_H 1
| #define HAVE_STDLIB_H 1
| #define HAVE_STRING_H 1
| #define HAVE_MEMORY_H 1
| #define HAVE_STRINGS_H 1
| #define HAVE_INTTYPES_H 1
| #define HAVE_STDINT_H 1
| #define HAVE_UNISTD_H 1
| #define HAVE_DLFCN_H 1
| #define LT_OBJDIR ".libs/"
| /* end confdefs.h.  */
| #include <pthread.h>
|                         static void routine(void *a) { a = 0; }
|                         static void *start_routine(void *a) { return a; }
| int
| main ()
| {
| pthread_t th; pthread_attr_t attr;
|                         pthread_create(&th, 0, start_routine, 0);
|                         pthread_join(th, 0);
|                         pthread_attr_init(&attr);
|                         pthread_cleanup_push(routine, 0);
|                         pthread_cleanup_pop(0) /* ; */
|   ;
|   return 0;
| }
configure:12212: result: no
configure:12084: checking whether pthreads work with -pthread
configure:12182: gcc -o conftest -g -O2 -pthread    conftest.c   >&5
configure:12189: $? = 0
configure:12212: result: yes
configure:12231: checking for joinable pthread attribute
configure:12256: gcc -o conftest -g -O2 -pthread   conftest.c   >&5
configure:12263: $? = 0
configure:12283: result: PTHREAD_CREATE_JOINABLE
configure:12293: checking if more special flags are required for pthreads
configure:12308: result: no
configure:12314: checking for PTHREAD_PRIO_INHERIT
configure:12341: gcc -o conftest -g -O2 -pthread   conftest.c   >&5
conftest.c: In function 'main':
conftest.c:26: error: 'PTHREAD_PRIO_INHERIT' undeclared (first use in this function)
conftest.c:26: error: (Each undeclared identifier is reported only once
conftest.c:26: error: for each function it appears in.)
configure:12348: $? = 1
configure: failed program was:
| /* confdefs.h.  */
| #define PACKAGE_NAME "libndpi"
| #define PACKAGE_TARNAME "libndpi"
| #define PACKAGE_VERSION "1.5.2"
| #define PACKAGE_STRING "libndpi 1.5.2"
| #define PACKAGE_BUGREPORT ""
| #define PACKAGE "libndpi"
| #define VERSION "1.5.2"
| #define STDC_HEADERS 1
| #define HAVE_SYS_TYPES_H 1
| #define HAVE_SYS_STAT_H 1
| #define HAVE_STDLIB_H 1
| #define HAVE_STRING_H 1
| #define HAVE_MEMORY_H 1
| #define HAVE_STRINGS_H 1
| #define HAVE_INTTYPES_H 1
| #define HAVE_STDINT_H 1
| #define HAVE_UNISTD_H 1
| #define HAVE_DLFCN_H 1
| #define LT_OBJDIR ".libs/"
| /* end confdefs.h.  */
| #include <pthread.h>
| int
| main ()
| {
| int i = PTHREAD_PRIO_INHERIT;
|   ;
|   return 0;
| }
configure:12369: result: no
configure:12511: checking netinet/in.h usability
configure:12528: gcc -c -g -O2  conftest.c >&5
configure:12535: $? = 0
configure:12549: result: yes
configure:12553: checking netinet/in.h presence
configure:12568: gcc -E  conftest.c
configure:12575: $? = 0
configure:12589: result: yes
configure:12617: checking for netinet/in.h
configure:12626: result: yes
configure:12500: checking for stdint.h
configure:12507: result: yes
configure:12500: checking for stdlib.h
configure:12507: result: yes
configure:12500: checking for string.h
configure:12507: result: yes
configure:12500: checking for unistd.h
configure:12507: result: yes
configure:12801: checking for pcap_open_live in -lpcap
configure:12836: gcc -o conftest -g -O2   conftest.c -lpcap   >&5
configure:12843: $? = 0
configure:12864: result: yes
configure:12889: checking for NT_Init in -lntapi
configure:12924: gcc -o conftest -g -O2 -I/usr/include/json-c     -L/lib64 -ljson-c   conftest.c -lntapi   -L/opt/napatech3/lib  >&5
/usr/bin/ld: cannot find -lntapi
collect2: ld returned 1 exit status
configure:12931: $? = 1
configure: failed program was:
| /* confdefs.h.  */
| #define PACKAGE_NAME "libndpi"
| #define PACKAGE_TARNAME "libndpi"
| #define PACKAGE_VERSION "1.5.2"
| #define PACKAGE_STRING "libndpi 1.5.2"
| #define PACKAGE_BUGREPORT ""
| #define PACKAGE "libndpi"
| #define VERSION "1.5.2"
| #define STDC_HEADERS 1
| #define HAVE_SYS_TYPES_H 1
| #define HAVE_SYS_STAT_H 1
| #define HAVE_STDLIB_H 1
| #define HAVE_STRING_H 1
| #define HAVE_MEMORY_H 1
| #define HAVE_STRINGS_H 1
| #define HAVE_INTTYPES_H 1
| #define HAVE_STDINT_H 1
| #define HAVE_UNISTD_H 1
| #define HAVE_DLFCN_H 1
| #define LT_OBJDIR ".libs/"
| #define HAVE_PTHREAD 1
| #define NDPI_SVN_RELEASE "r1.5.2"
| #define NDPI_SVN_DATE "Sat Feb 25 14:08:03 IST 2017"
| #define HAVE_NETINET_IN_H 1
| #define HAVE_STDINT_H 1
| #define HAVE_STDLIB_H 1
| #define HAVE_STRING_H 1
| #define HAVE_UNISTD_H 1
| /* end confdefs.h.  */
| 
| /* Override any GCC internal prototype to avoid an error.
|    Use char because int might match the return type of a GCC
|    builtin and then its argument prototype would still apply.  */
| #ifdef __cplusplus
| extern "C"
| #endif
| char NT_Init ();
| int
| main ()
| {
| return NT_Init ();
|   ;
|   return 0;
| }
configure:12952: result: no
configure:12960: checking for json_object_new_object in -ljson-c
configure:12995: gcc -o conftest -g -O2 -I/usr/include/json-c     -L/lib64 -ljson-c   conftest.c -ljson-c   >&5
configure:13002: $? = 0
configure:13023: result: yes
configure:13175: creating ./config.status

## ---------------------- ##
## Running config.status. ##
## ---------------------- ##

This file was extended by libndpi config.status 1.5.2, which was
generated by GNU Autoconf 2.63.  Invocation command line was

  CONFIG_FILES    = 
  CONFIG_HEADERS  = 
  CONFIG_LINKS    = 
  CONFIG_COMMANDS = 
  $ ./config.status 

on nst

config.status:1004: creating Makefile
config.status:1004: creating src/lib/Makefile
config.status:1004: creating example/Makefile
config.status:1004: creating libndpi.pc
config.status:1004: creating config.h
config.status:1278: executing depfiles commands
config.status:1278: executing libtool commands

## ---------------- ##
## Cache variables. ##
## ---------------- ##

ac_cv_build=x86_64-unknown-linux-gnu
ac_cv_c_compiler_gnu=yes
ac_cv_env_CC_set=
ac_cv_env_CC_value=
ac_cv_env_CFLAGS_set=
ac_cv_env_CFLAGS_value=
ac_cv_env_CPPFLAGS_set=
ac_cv_env_CPPFLAGS_value=
ac_cv_env_CPP_set=
ac_cv_env_CPP_value=
ac_cv_env_LDFLAGS_set=
ac_cv_env_LDFLAGS_value=
ac_cv_env_LIBS_set=
ac_cv_env_LIBS_value=
ac_cv_env_build_alias_set=
ac_cv_env_build_alias_value=
ac_cv_env_host_alias_set=
ac_cv_env_host_alias_value=
ac_cv_env_target_alias_set=
ac_cv_env_target_alias_value=
ac_cv_header_dlfcn_h=yes
ac_cv_header_inttypes_h=yes
ac_cv_header_memory_h=yes
ac_cv_header_netinet_in_h=yes
ac_cv_header_stdc=yes
ac_cv_header_stdint_h=yes
ac_cv_header_stdlib_h=yes
ac_cv_header_string_h=yes
ac_cv_header_strings_h=yes
ac_cv_header_sys_stat_h=yes
ac_cv_header_sys_types_h=yes
ac_cv_header_unistd_h=yes
ac_cv_host=x86_64-unknown-linux-gnu
ac_cv_lib_json_c_json_object_new_object=yes
ac_cv_lib_ntapi_NT_Init=no
ac_cv_lib_pcap_pcap_open_live=yes
ac_cv_objext=o
ac_cv_path_EGREP='/bin/grep -E'
ac_cv_path_FGREP='/bin/grep -F'
ac_cv_path_GREP=/bin/grep
ac_cv_path_SED=/bin/sed
ac_cv_path_install='/usr/bin/install -c'
ac_cv_path_mkdir=/bin/mkdir
ac_cv_prog_AWK=gawk
ac_cv_prog_CPP='gcc -E'
ac_cv_prog_ac_ct_AR=ar
ac_cv_prog_ac_ct_CC=gcc
ac_cv_prog_ac_ct_OBJDUMP=objdump
ac_cv_prog_ac_ct_RANLIB=ranlib
ac_cv_prog_ac_ct_STRIP=strip
ac_cv_prog_cc_c89=
ac_cv_prog_cc_g=yes
ac_cv_prog_make_make_set=yes
am_cv_CC_dependencies_compiler_type=gcc3
ax_cv_PTHREAD_PRIO_INHERIT=no
lt_cv_deplibs_check_method=pass_all
lt_cv_file_magic_cmd='$MAGIC_CMD'
lt_cv_file_magic_test_file=
lt_cv_ld_reload_flag=-r
lt_cv_nm_interface='BSD nm'
lt_cv_objdir=.libs
lt_cv_path_LD=/usr/bin/ld
lt_cv_path_NM='/usr/bin/nm -B'
lt_cv_prog_compiler_c_o=yes
lt_cv_prog_compiler_pic_works=yes
lt_cv_prog_compiler_rtti_exceptions=no
lt_cv_prog_compiler_static_works=no
lt_cv_prog_gnu_ld=yes
lt_cv_sys_global_symbol_pipe='sed -n -e '\''s/^.*[	 ]\([ABCDGIRSTW][ABCDGIRSTW]*\)[	 ][	 ]*\([_A-Za-z][_A-Za-z0-9]*\)$/\1 \2 \2/p'\'''
lt_cv_sys_global_symbol_to_c_name_address='sed -n -e '\''s/^: \([^ ]*\) $/  {\"\1\", (void *) 0},/p'\'' -e '\''s/^[ABCDGIRSTW]* \([^ ]*\) \([^ ]*\)$/  {"\2", (void *) \&\2},/p'\'''
lt_cv_sys_global_symbol_to_c_name_address_lib_prefix='sed -n -e '\''s/^: \([^ ]*\) $/  {\"\1\", (void *) 0},/p'\'' -e '\''s/^[ABCDGIRSTW]* \([^ ]*\) \(lib[^ ]*\)$/  {"\2", (void *) \&\2},/p'\'' -e '\''s/^[ABCDGIRSTW]* \([^ ]*\) \([^ ]*\)$/  {"lib\2", (void *) \&\2},/p'\'''
lt_cv_sys_global_symbol_to_cdecl='sed -n -e '\''s/^T .* \(.*\)$/extern int \1();/p'\'' -e '\''s/^[ABCDGIRSTW]* .* \(.*\)$/extern char \1;/p'\'''
lt_cv_sys_max_cmd_len=1966080

## ----------------- ##
## Output variables. ##
## ----------------- ##

ACLOCAL='${SHELL} /root/NST/missing --run aclocal-1.11'
AMDEPBACKSLASH='\'
AMDEP_FALSE='#'
AMDEP_TRUE=''
AMTAR='${SHELL} /root/NST/missing --run tar'
AR='ar'
AUTOCONF='${SHELL} /root/NST/missing --run autoconf'
AUTOHEADER='${SHELL} /root/NST/missing --run autoheader'
AUTOMAKE='${SHELL} /root/NST/missing --run automake-1.11'
AWK='gawk'
CC='gcc'
CCDEPMODE='depmode=gcc3'
CFLAGS='-g -O2 -I/usr/include/json-c  '
CPP='gcc -E'
CPPFLAGS=''
CYGPATH_W='echo'
DEFS='-DHAVE_CONFIG_H'
DEPDIR='.deps'
DSYMUTIL=''
DUMPBIN=''
ECHO_C=''
ECHO_N='-n'
ECHO_T=''
EGREP='/bin/grep -E'
EXEEXT=''
FGREP='/bin/grep -F'
GREP='/bin/grep'
INSTALL_DATA='${INSTALL} -m 644'
INSTALL_PROGRAM='${INSTALL}'
INSTALL_SCRIPT='${INSTALL}'
INSTALL_STRIP_PROGRAM='$(install_sh) -c -s'
JSON_C_LIB=''
LD='/usr/bin/ld -m elf_x86_64'
LDFLAGS=' -L/lib64 -ljson-c  '
LIBOBJS=''
LIBS=''
LIBTOOL='$(SHELL) $(top_builddir)/libtool'
LIPO=''
LN_S='ln -s'
LTLIBOBJS=''
MAKEINFO='${SHELL} /root/NST/missing --run makeinfo'
MKDIR_P='/bin/mkdir -p'
NM='/usr/bin/nm -B'
NMEDIT=''
OBJDUMP='objdump'
OBJEXT='o'
OTOOL64=''
OTOOL=''
PACKAGE='libndpi'
PACKAGE_BUGREPORT=''
PACKAGE_NAME='libndpi'
PACKAGE_STRING='libndpi 1.5.2'
PACKAGE_TARNAME='libndpi'
PACKAGE_VERSION='1.5.2'
PATH_SEPARATOR=':'
PCAP_INC=''
PCAP_LIB='-lpcap'
PTHREAD_CC='gcc'
PTHREAD_CFLAGS='-pthread'
PTHREAD_LIBS=''
RANLIB='ranlib'
SED='/bin/sed'
SET_MAKE=''
SHELL='/bin/sh'
STRIP='strip'
SVN_DATE='Sat Feb 25 14:08:03 IST 2017'
SVN_RELEASE='1.5.2'
VERSION='1.5.2'
ac_ct_CC='gcc'
ac_ct_DUMPBIN=''
am__EXEEXT_FALSE=''
am__EXEEXT_TRUE='#'
am__fastdepCC_FALSE='#'
am__fastdepCC_TRUE=''
am__include='include'
am__isrc=''
am__leading_dot='.'
am__quote=''
am__tar='${AMTAR} chof - "$$tardir"'
am__untar='${AMTAR} xf -'
ax_pthread_config=''
bindir='${exec_prefix}/bin'
build='x86_64-unknown-linux-gnu'
build_alias=''
build_cpu='x86_64'
build_os='linux-gnu'
build_vendor='unknown'
datadir='${datarootdir}'
datarootdir='${prefix}/share'
docdir='${datarootdir}/doc/${PACKAGE_TARNAME}'
dvidir='${docdir}'
exec_prefix='${prefix}'
host='x86_64-unknown-linux-gnu'
host_alias=''
host_cpu='x86_64'
host_os='linux-gnu'
host_vendor='unknown'
htmldir='${docdir}'
includedir='${prefix}/include'
infodir='${datarootdir}/info'
install_sh='${SHELL} /root/NST/install-sh'
libdir='${exec_prefix}/lib'
libexecdir='${exec_prefix}/libexec'
localedir='${datarootdir}/locale'
localstatedir='${prefix}/var'
lt_ECHO='echo'
mandir='${datarootdir}/man'
mkdir_p='/bin/mkdir -p'
oldincludedir='/usr/include'
pdfdir='${docdir}'
prefix='/usr/local'
program_transform_name='s,x,x,'
psdir='${docdir}'
sbindir='${exec_prefix}/sbin'
sharedstatedir='${prefix}/com'
sysconfdir='${prefix}/etc'
target_alias=''

## ----------- ##
## confdefs.h. ##
## ----------- ##

#define PACKAGE_NAME "libndpi"
#define PACKAGE_TARNAME "libndpi"
#define PACKAGE_VERSION "1.5.2"
#define PACKAGE_STRING "libndpi 1.5.2"
#define PACKAGE_BUGREPORT ""
#define PACKAGE "libndpi"
#define VERSION "1.5.2"
#define STDC_HEADERS 1
#define HAVE_SYS_TYPES_H 1
#define HAVE_SYS_STAT_H 1
#define HAVE_STDLIB_H 1
#define HAVE_STRING_H 1
#define HAVE_MEMORY_H 1
#define HAVE_STRINGS_H 1
#define HAVE_INTTYPES_H 1
#define HAVE_STDINT_H 1
#define HAVE_UNISTD_H 1
#define HAVE_DLFCN_H 1
#define LT_OBJDIR ".libs/"
#define HAVE_PTHREAD 1
#define NDPI_SVN_RELEASE "r1.5.2"
#define NDPI_SVN_DATE "Sat Feb 25 14:08:03 IST 2017"
#define HAVE_NETINET_IN_H 1
#define HAVE_STDINT_H 1
#define HAVE_STDLIB_H 1
#define HAVE_STRING_H 1
#define HAVE_UNISTD_H 1
#define HAVE_JSON_C 1

configure: exit 0
